10000
10000
10001
10001
10002
10005
10008
10008
10009
10013
10013
10015
10015
10016
10018
10018
10018
10020
10021
10021
10023
10026
10027
10027
10028
10029
10030
10031
10035
10037
10037
10037
10038
10038
10039
10041
10045
10045
10046
10046
10049
10049
10049
10049
10050
10053
10053
10057
10058
10058
10058
10058
10059
10060
10061
10061
10062
10064
10066
10069
10070
10071
10072
10073
10075
10075
10079
10079
10081
10081
10082
10083
10083
10083
10085
10086
10087
10088
10089
10090
10091
10091
10091
10092
10092
10093
10094
10095
10095
10095
10100
10102
10106
10107
10107
10108
10108
10110
10111
10113
10114
10114
10115
10115
10115
10117
10118
10121
10122
10123
10124
10125
10125
10126
10130
10130
10131
10134
10137
10137
10137
10138
10139
10140
10141
10142
10142
10143
10144
10145
10145
10148
10149
10149
10151
10152
10152
10153
10154
10155
10156
10159
10160
10161
10162
10162
10162
10162
10164
10164
10164
10165
10165
10166
10168
10168
10169
10169
10171
10171
10171
10172
10173
10175
10176
10180
10180
10181
10182
10183
10184
10184
10185
10186
10188
10189
10189
10191
10195
10195
10196
10197
10199
10199
10201
10204
10204
10206
10206
10207
10208
10208
10211
10213
10215
10217
10218
10220
10223
10224
10224
10226
10227
10227
10229
10229
10231
10233
10233
10233
10234
10236
10237
10237
10240
10244
10247
10248
10250
10251
10252
10252
10252
10253
10255
10255
10255
10256
10256
10256
10257
10258
10260
10261
10263
10264
10265
10266
10267
10269
10269
10270
10272
10272
10275
10277
10278
10280
10280
10280
10282
10284
10285
10285
10286
10288
10289
10289
10289
10290
10290
10291
10293
10297
10299
10299
10300
10302
10304
10308
10312
10313
10314
10314
10315
10315
10315
10315
10315
10319
10319
10320
10321
10321
10322
10322
10325
10325
10327
10327
10329
10331
10332
10332
10333
10334
10335
10335
10337
10337
10339
10340
10340
10343
10344
10347
10350
10351
10351
10352
10355
10355
10356
10356
10357
10360
10360
10361
10362
10364
10365
10366
10367
10368
10368
10368
10368
10368
10369
10372
10373
10373
10374
10374
10375
10376
10378
10378
10380
10381
10381
10382
10383
10383
10385
10386
10386
10386
10386
10387
10390
10391
10391
10392
10392
10394
10395
10396
10396
10396
10396
10396
10398
10398
10398
10398
10398
10402
10403
10403
10403
10405
10405
10406
10407
10411
10412
10413
10413
10413
10414
10414
10415
10419
10419
10421
10421
10421
10421
10422
10422
10422
10422
10422
10424
10425
10426
10427
10428
10428
10428
10428
10428
10431
10435
10438
10438
10439
10442
10443
10443
10444
10445
10447
10447
10448
10448
10449
10449
10451
10451
10453
10453
10454
10455
10459
10460
10460
10463
10463
10464
10464
10464
10465
10467
10471
10471
10474
10475
10479
10480
10481
10484
10486
10487
10489
10493
10496
10497
10497
10498
10498
10499
10500
10500
10500
10501
10502
10503
10503
10504
10504
10506
10506
10507
10509
10509
10511
10512
10513
10513
10515
10517
10518
10518
10521
10523
10526
10527
10528
10530
10531
10532
10533
10533
10537
10537
10538
10538
10539
10539
10541
10542
10542
10542
10544
10546
10546
10546
10547
10548
10549
10550
10550
10550
10551
10551
10553
10553
10553
10554
10556
10556
10557
10558
10558
10558
10561
10563
10564
10564
10564
10565
10565
10565
10571
10571
10574
10578
10578
10578
10581
10582
10582
10583
10583
10583
10587
10591
10591
10592
10593
10593
10593
10593
10596
10599
10600
10600
10601
10601
10601
10605
10605
10606
10608
10610
10610
10610
10611
10612
10614
10615
10615
10616
10616
10616
10616
10617
10619
10620
10621
10621
10622
10622
10623
10623
10624
10625
10626
10627
10628
10629
10630
10632
10632
10634
10637
10640
10641
10642
10642
10644
10644
10644
10647
10649
10652
10653
10653
10654
10654
10656
10657
10658
10659
10662
10666
10666
10667
10667
10669
10670
10670
10671
10671
10672
10672
10673
10673
10674
10675
10676
10677
10677
10677
10678
10679
10679
10681
10681
10682
10683
10683
10685
10685
10686
10688
10688
10691
10691
10693
10694
10698
10700
10700
10701
10702
10705
10710
10713
10713
10715
10716
10717
10717
10717
10717
10717
10719
10719
10721
10721
10722
10723
10724
10725
10726
10732
10735
10736
10736
10736
10737
10737
10743
10745
10746
10750
10750
10751
10752
10753
10755
10755
10757
10759
10761
10763
10763
10764
10765
10765
10767
10768
10770
10770
10771
10771
10772
10772
10774
10774
10775
10775
10775
10776
10779
10780
10780
10781
10783
10784
10784
10786
10787
10788
10789
10789
10790
10790
10790
10792
10792
10793
10795
10795
10797
10800
10801
10802
10802
10803
10805
10805
10806
10808
10811
10811
10811
10812
10812
10813
10814
10814
10816
10816
10819
10822
10823
10824
10825
10826
10826
10827
10828
10829
10829
10829
10829
10829
10830
10831
10831
10834
10838
10839
10841
10841
10842
10844
10845
10845
10846
10847
10848
10848
10849
10849
10849
10851
10851
10854
10855
10857
10858
10859
10861
10863
10863
10864
10864
10868
10871
10873
10873
10876
10877
10878
10881
10882
10882
10882
10886
10888
10888
10891
10891
10892
10893
10896
10897
10898
10898
10900
10902
10902
10902
10903
10905
10906
10906
10909
10912
10917
10918
10919
10920
10921
10921
10921
10923
10924
10924
10924
10925
10927
10928
10930
10930
10933
10934
10936
10936
10937
10937
10939
10940
10940
10942
10944
10946
10946
10947
10947
10949
10949
10951
10951
10953
10954
10955
10957
10957
10958
10958
10959
10959
10959
10959
10960
10963
10963
10964
10965
10965
10965
10966
10966
10967
10967
10970
10971
10971
10971
10973
10973
10974
10975
10976
10977
10978
10979
10980
10980
10980
10982
10984
10984
10985
10986
10986
10986
10987
10987
10988
10989
10990
10990
10991
10991
10993
10994
10995
10996
10997
10997
10997
10998
11000
11002
11002
11003
11004
11004
11004
11006
11006
11007
11009
11011
11012
11013
11014
11015
11015
11015
11017
11018
11018
11020
11022
11022
11023
11027
11027
11028
11028
11030
11037
11038
11039
11043
11044
11046
11047
11047
11047
11048
11048
11049
11049
11049
11049
11051
11051
11053
11056
11056
11056
11058
11059
11060
11061
11062
11065
11066
11068
11068
11069
11069
11070
11070
11071
11074
11076
11077
11078
11079
11080
11080
11081
11081
11082
11084
11085
11087
11087
11088
11088
11088
11089
11089
11089
11093
11094
11095
11097
11099
11099
11100
11101
11101
11102
11103
11103
11104
11104
11104
11106
11106
11107
11109
11111
11111
11114
11114
11116
11118
11118
11121
11122
11122
11123
11123
11124
11124
11125
11127
11128
11128
11129
11129
11129
11132
11132
11133
11134
11137
11137
11138
11138
11142
11143
11145
11145
11147
11147
11150
11150
11153
11156
11156
11164
11164
11164
11166
11166
11167
11168
11170
11173
11173
11173
11174
11174
11175
11177
11180
11182
11183
11183
11185
11185
11187
11187
11188
11188
11188
11189
11189
11190
11190
11191
11192
11192
11193
11194
11195
11196
11197
11198
11199
11199
11200
11200
11201
11202
11202
11203
11204
11209
11213
11213
11213
11214
11215
11219
11220
11221
11221
11222
11222
11222
11225
11225
11226
11229
11231
11232
11234
11235
11235
11236
11237
11237
11238
11238
11239
11239
11240
11240
11241
11241
11241
11242
11242
11244
11245
11246
11246
11248
11249
11250
11251
11252
11252
11254
11255
11256
11256
11256
11257
11257
11258
11259
11259
11261
11263
11264
11265
11265
11266
11266
11269
11272
11272
11272
11272
11273
11273
11274
11278
11279
11279
11282
11283
11283
11284
11285
11286
11288
11292
11294
11297
11297
11298
11301
11301
11302
11303
11305
11305
11310
11311
11312
11313
11315
11317
11318
11318
11318
11320
11320
11322
11323
11324
11327
11327
11329
11330
11331
11332
11333
11334
11334
11334
11335
11337
11338
11339
11339
11340
11343
11345
11345
11345
11345
11346
11348
11348
11349
11349
11358
11358
11358
11359
11360
11362
11362
11363
11364
11365
11366
11370
11370
11372
11374
11376
11377
11378
11379
11381
11381
11382
11382
11382
11388
11388
11389
11389
11389
11390
11391
11393
11394
11395
11399
11400
11402
11402
11403
11406
11409
11409
11409
11410
11411
11411
11411
11411
11411
11412
11413
11418
11419
11420
11420
11420
11420
11422
11423
11424
11426
11428
11429
11429
11432
11438
11439
11440
11441
11441
11442
11444
11445
11447
11447
11447
11448
11448
11448
11451
11451
11453
11454
11457
11459
11460
11460
11460
11461
11464
11464
11465
11465
11467
11468
11470
11470
11471
11471
11472
11472
11473
11476
11477
11480
11485
11487
11487
11488
11488
11490
11493
11494
11496
11496
11497
11498
11499
11500
11500
11501
11501
11502
11503
11503
11503
11504
11505
11506
11506
11507
11508
11509
11511
11516
11522
11522
11524
11528
11528
11529
11530
11533
11533
11534
11535
11535
11539
11539
11540
11541
11541
11541
11545
11548
11548
11549
11550
11550
11550
11553
11553
11555
11555
11558
11559
11559
11560
11561
11562
11565
11567
11570
11573
11574
11577
11577
11580
11581
11583
11585
11585
11587
11587
11588
11590
11590
11593
11594
11595
11595
11597
11597
11597
11598
11599
11599
11600
11602
11603
11603
11604
11605
11605
11605
11606
11608
11609
11609
11610
11612
11612
11612
11612
11614
11615
11615
11616
11621
11621
11626
11626
11628
11629
11630
11631
11635
11636
11637
11638
11640
11641
11641
11643
11645
11645
11646
11651
11651
11654
11655
11659
11659
11660
11661
11662
11666
11667
11668
11668
11671
11672
11674
11675
11675
11677
11679
11679
11681
11683
11685
11685
11686
11686
11686
11687
11688
11689
11690
11690
11692
11693
11694
11695
11695
11695
11695
11698
11699
11700
11701
11702
11702
11702
11703
11704
11704
11705
11706
11706
11706
11708
11708
11709
11709
11709
11710
11711
11711
11712
11713
11714
11716
11717
11719
11719
11719
11720
11721
11722
11722
11723
11726
11727
11729
11731
11732
11733
11733
11733
11737
11737
11738
11738
11740
11740
11740
11741
11745
11746
11746
11747
11750
11753
11754
11754
11755
11755
11756
11757
11760
11761
11762
11763
11763
11764
11765
11767
11767
11772
11772
11774
11775
11776
11776
11779
11779
11779
11783
11783
11783
11785
11785
11785
11786
11788
11788
11788
11789
11789
11794
11794
11795
11795
11797
11797
11797
11799
11801
11803
11803
11805
11807
11807
11808
11809
11812
11814
11815
11820
11823
11824
11827
11829
11829
11830
11835
11836
11836
11836
11837
11838
11840
11841
11841
11844
11845
11845
11846
11847
11847
11847
11852
11853
11854
11854
11855
11856
11856
11857
11857
11857
11859
11859
11861
11861
11861
11862
11863
11863
11863
11863
11865
11867
11867
11868
11868
11870
11870
11873
11875
11878
11879
11879
11879
11882
11884
11884
11885
11887
11889
11890
11891
11892
11893
11894
11895
11896
11900
11901
11902
11902
11904
11906
11907
11908
11909
11911
11913
11917
11917
11918
11920
11924
11924
11925
11925
11926
11926
11929
11931
11933
11933
11935
11935
11936
11940
11941
11943
11943
11943
11944
11944
11944
11946
11946
11947
11947
11948
11950
11951
11952
11952
11952
11953
11953
11954
11954
11955
11955
11956
11957
11959
11961
11961
11963
11965
11965
11965
11966
11966
11967
11968
11969
11971
11971
11972
11972
11973
11974
11975
11975
11976
11976
11977
11978
11978
11979
11980
11981
11981
11982
11983
11983
11983
11984
11985
11985
11987
11990
11990
11991
11991
11991
11993
11995
11995
11996
11996
11997
11998
11998
11998
11999
12001
12002
12002
12003
12004
12005
12005
12005
12007
12007
12009
12011
12016
12018
12018
12019
12022
12022
12023
12026
12027
12028
12028
12030
12030
12031
12031
12032
12035
12035
12040
12041
12043
12043
12045
12045
12045
12047
12048
12048
12048
12049
12049
12052
12053
12056
12056
12058
12058
12061
12061
12062
12062
12062
12067
12068
12070
12071
12072
12072
12073
12073
12074
12076
12080
12080
12082
12088
12089
12091
12091
12091
12091
12094
12095
12097
12099
12099
12100
12101
12102
12103
12105
12107
12108
12109
12110
12110
12111
12111
12111
12113
12116
12118
12118
12119
12120
12122
12123
12123
12125
12126
12127
12129
12131
12132
12132
12134
12135
12137
12137
12138
12138
12140
12141
12141
12141
12142
12145
12145
12146
12148
12149
12150
12150
12151
12152
12155
12155
12156
12157
12159
12160
12162
12163
12163
12164
12165
12167
12169
12169
12170
12170
12170
12170
12171
12172
12173
12173
12174
12177
12180
12181
12181
12183
12184
12186
12186
12186
12187
12188
12189
12190
12190
12192
12192
12192
12193
12193
12194
12195
12195
12195
12197
12197
12201
12203
12204
12205
12210
12211
12211
12214
12214
12215
12215
12217
12217
12218
12220
12221
12221
12221
12223
12223
12223
12224
12224
12225
12225
12226
12227
12228
12228
12229
12231
12231
12232
12232
12233
12235
12235
12238
12240
12241
12242
12242
12243
12243
12243
12244
12245
12247
12248
12249
12253
12253
12254
12254
12255
12256
12256
12257
12259
12263
12264
12265
12265
12266
12267
12267
12268
12268
12269
12269
12271
12272
12274
12274
12275
12276
12276
12277
12277
12278
12278
12279
12279
12280
12280
12282
12282
12283
12284
12284
12284
12289
12292
12295
12297
12298
12299
12299
12303
12303
12305
12311
12313
12313
12313
12317
12318
12318
12320
12321
12321
12324
12325
12325
12326
12328
12328
12330
12331
12332
12332
12332
12333
12334
12338
12338
12342
12344
12344
12347
12347
12348
12348
12349
12350
12351
12351
12355
12356
12359
12360
12360
12360
12360
12362
12365
12367
12368
12368
12372
12373
12374
12376
12377
12377
12378
12379
12379
12380
12380
12384
12384
12386
12386
12388
12390
12390
12391
12394
12395
12395
12397
12398
12399
12400
12400
12400
12401
12402
12403
12407
12408
12410
12410
12412
12413
12413
12414
12414
12414
12415
12421
12421
12422
12422
12423
12423
12424
12424
12424
12426
12430
12430
12431
12433
12434
12435
12436
12436
12437
12437
12437
12439
12440
12441
12448
12449
12451
12451
12451
12452
12454
12455
12456
12456
12457
12457
12457
12459
12463
12463
12463
12468
12468
12469
12469
12471
12471
12471
12473
12475
12477
12477
12478
12478
12480
12481
12482
12484
12486
12488
12488
12490
12490
12490
12490
12491
12493
12496
12496
12497
12498
12499
12500
12500
12501
12501
12503
12505
12505
12507
12509
12510
12511
12512
12513
12514
12514
12519
12519
12519
12519
12520
12524
12524
12524
12526
12526
12528
12528
12529
12531
12532
12533
12533
12533
12534
12534
12535
12535
12536
12538
12539
12541
12542
12542
12542
12543
12544
12545
12547
12547
12547
12549
12550
12551
12553
12553
12553
12553
12554
12556
12558
12564
12564
12565
12565
12565
12570
12570
12572
12573
12573
12573
12573
12573
12574
12576
12576
12577
12578
12579
12579
12579
12580
12581
12582
12585
12586
12586
12587
12590
12592
12593
12593
12593
12596
12598
12598
12599
12599
12600
12601
12601
12605
12607
12607
12608
12608
12609
12612
12612
12615
12615
12617
12617
12617
12618
12620
12620
12622
12622
12622
12623
12624
12625
12625
12625
12627
12627
12628
12628
12628
12631
12631
12631
12632
12633
12634
12636
12636
12636
12636
12638
12638
12638
12639
12642
12642
12646
12646
12648
12649
12649
12650
12657
12657
12659
12660
12660
12660
12660
12661
12661
12662
12663
12664
12665
12667
12667
12668
12668
12669
12669
12673
12676
12677
12677
12678
12678
12678
12680
12681
12681
12682
12683
12684
12687
12687
12688
12688
12688
12689
12689
12690
12690
12691
12691
12691
12692
12694
12697
12697
12698
12698
12701
12702
12703
12704
12704
12705
12705
12705
12706
12706
12707
12708
12710
12711
12713
12714
12715
12717
12718
12720
12721
12722
12723
12724
12724
12725
12730
12732
12732
12733
12733
12733
12733
12734
12734
12735
12735
12737
12739
12739
12742
12743
12743
12744
12745
12745
12745
12745
12747
12748
12749
12750
12752
12756
12758
12759
12760
12762
12762
12763
12764
12769
12769
12772
12775
12776
12777
12777
12782
12782
12783
12783
12783
12784
12786
12788
12789
12789
12791
12791
12792
12794
12794
12797
12798
12805
12805
12807
12807
12807
12808
12808
12808
12809
12810
12811
12811
12813
12814
12817
12818
12819
12819
12820
12822
12824
12824
12825
12827
12830
12832
12832
12836
12839
12841
12841
12841
12843
12843
12844
12845
12845
12846
12846
12847
12847
12849
12849
12849
12850
12851
12852
12853
12854
12854
12856
12856
12858
12861
12862
12862
12862
12863
12864
12865
12866
12869
12870
12870
12874
12875
12876
12877
12878
12879
12880
12887
12889
12890
12891
12891
12891
12893
12897
12897
12897
12899
12903
12904
12904
12907
12909
12910
12911
12912
12912
12913
12915
12917
12920
12920
12921
12921
12922
12922
12922
12923
12925
12926
12928
12928
12929
12931
12931
12932
12932
12937
12939
12939
12941
12941
12941
12942
12943
12944
12947
12948
12949
12950
12951
12953
12958
12959
12959
12960
12961
12961
12962
12962
12963
12965
12965
12965
12966
12967
12967
12968
12969
12973
12974
12977
12977
12977
12978
12979
12979
12979
12981
12981
12982
12983
12983
12984
12985
12985
12986
12987
12991
12994
12994
12994
12994
12996
12997
12999
12999
12999
13000
13000
13003
13004
13005
13007
13008
13009
13009
13010
13011
13012
13013
13016
13016
13016
13017
13017
13017
13019
13019
13020
13023
13026
13030
13030
13031
13035
13036
13036
13037
13040
13041
13044
13046
13047
13047
13047
13047
13047
13048
13049
13050
13051
13052
13056
13058
13058
13059
13061
13063
13063
13063
13063
13065
13066
13067
13070
13070
13071
13072
13074
13076
13077
13077
13079
13080
13081
13082
13083
13084
13085
13086
13089
13091
13092
13095
13095
13095
13096
13098
13100
13101
13101
13102
13104
13106
13107
13108
13109
13113
13114
13116
13117
13118
13118
13118
13120
13122
13127
13127
13129
13129
13129
13129
13130
13131
13131
13132
13133
13134
13136
13137
13138
13139
13139
13142
13143
13148
13150
13152
13152
13154
13154
13155
13156
13158
13158
13159
13159
13161
13161
13161
13163
13164
13165
13165
13167
13168
13173
13173
13177
13178
13179
13180
13180
13180
13180
13180
13181
13181
13184
13184
13185
13185
13186
13189
13190
13196
13196
13198
13198
13199
13200
13200
13200
13201
13203
13205
13206
13207
13207
13209
13214
13215
13215
13216
13217
13220
13221
13223
13224
13225
13225
13227
13227
13228
13229
13233
13234
13234
13235
13236
13237
13237
13239
13239
13240
13240
13240
13240
13241
13242
13244
13245
13245
13249
13251
13252
13254
13254
13255
13256
13257
13261
13262
13263
13264
13264
13265
13268
13270
13270
13271
13280
13280
13281
13283
13283
13284
13285
13286
13286
13288
13288
13289
13290
13290
13292
13294
13295
13296
13296
13297
13298
13302
13304
13306
13308
13308
13309
13309
13312
13313
13313
13314
13315
13315
13318
13320
13323
13325
13326
13327
13328
13328
13328
13329
13331
13331
13332
13333
13333
13335
13339
13340
13340
13341
13342
13346
13346
13346
13347
13349
13350
13354
13355
13355
13356
13358
13364
13364
13365
13365
13366
13366
13367
13367
13368
13368
13372
13372
13372
13372
13372
13375
13378
13378
13378
13379
13380
13381
13381
13381
13382
13383
13384
13384
13385
13386
13386
13390
13390
13391
13391
13395
13398
13400
13401
13401
13401
13402
13402
13402
13402
13403
13405
13405
13405
13405
13408
13409
13409
13409
13409
13410
13411
13412
13413
13413
13414
13416
13416
13416
13417
13417
13417
13418
13419
13420
13420
13423
13424
13424
13424
13425
13425
13426
13426
13428
13428
13429
13429
13430
13431
13431
13433
13434
13434
13435
13435
13435
13435
13436
13436
13436
13438
13439
13440
13441
13442
13444
13444
13445
13445
13446
13447
13448
13448
13449
13450
13452
13453
13454
13457
13457
13458
13460
13461
13461
13463
13463
13463
13466
13468
13468
13468
13469
13470
13473
13474
13474
13475
13477
13477
13477
13477
13479
13480
13480
13483
13483
13484
13485
13486
13487
13490
13491
13491
13491
13492
13493
13494
13495
13496
13498
13498
13499
13499
13500
13501
13502
13503
13503
13503
13504
13504
13507
13508
13509
13511
13512
13513
13513
13517
13518
13519
13519
13520
13520
13520
13521
13523
13524
13525
13525
13525
13526
13527
13527
13528
13530
13531
13531
13531
13531
13533
13535
13536
13538
13541
13542
13543
13544
13546
13547
13547
13548
13548
13548
13551
13551
13552
13555
13555
13556
13556
13557
13557
13558
13558
13559
13561
13561
13562
13563
13563
13566
13569
13570
13573
13573
13575
13576
13578
13579
13581
13582
13582
13582
13583
13584
13585
13586
13586
13590
13590
13591
13592
13592
13593
13595
13595
13596
13597
13598
13598
13600
13600
13600
13600
13600
13601
13602
13603
13604
13605
13607
13608
13608
13608
13608
13610
13610
13612
13612
13612
13613
13613
13613
13614
13615
13615
13616
13617
13617
13618
13618
13619
13619
13621
13621
13622
13623
13625
13625
13627
13628
13631
13632
13633
13633
13634
13634
13634
13635
13635
13636
13641
13641
13643
13643
13644
13645
13650
13651
13651
13652
13653
13654
13654
13654
13655
13656
13657
13657
13659
13659
13660
13660
13661
13663
13665
13666
13667
13667
13667
13668
13669
13671
13673
13674
13678
13678
13678
13679
13680
13682
13683
13683
13683
13686
13688
13688
13688
13691
13693
13695
13696
13697
13698
13699
13700
13700
13702
13702
13703
13704
13705
13707
13709
13710
13711
13712
13713
13713
13713
13718
13719
13720
13722
13723
13724
13724
13727
13727
13729
13730
13731
13733
13733
13734
13734
13734
13736
13736
13737
13738
13739
13740
13741
13745
13747
13747
13747
13748
13749
13749
13749
13750
13750
13751
13752
13753
13754
13755
13758
13758
13758
13762
13762
13762
13763
13764
13765
13765
13770
13770
13770
13771
13771
13771
13772
13772
13773
13775
13777
13777
13778
13779
13779
13779
13780
13780
13780
13781
13782
13783
13784
13785
13786
13786
13786
13787
13787
13789
13789
13789
13792
13792
13793
13795
13796
13797
13797
13802
13802
13802
13804
13804
13806
13806
13806
13809
13811
13813
13813
13813
13814
13816
13817
13817
13818
13819
13820
13821
13822
13823
13823
13824
13827
13828
13829
13829
13829
13829
13830
13830
13831
13831
13832
13833
13836
13837
13838
13839
13841
13841
13842
13845
13846
13848
13850
13850
13852
13854
13854
13855
13855
13857
13860
13862
13862
13862
13862
13864
13864
13866
13868
13869
13869
13870
13872
13873
13873
13875
13875
13876
13878
13879
13879
13879
13881
13881
13884
13884
13885
13885
13885
13886
13886
13887
13892
13893
13894
13896
13899
13901
13901
13902
13903
13903
13904
13907
13907
13908
13909
13910
13910
13910
13910
13911
13912
13913
13917
13918
13918
13920
13922
13923
13923
13924
13924
13924
13927
13928
13930
13933
13938
13939
13939
13939
13940
13940
13943
13944
13946
13946
13948
13950
13950
13951
13951
13953
13953
13953
13953
13955
13955
13956
13957
13960
13961
13961
13962
13963
13966
13966
13966
13967
13969
13969
13970
13971
13972
13973
13973
13973
13974
13978
13979
13979
13980
13981
13981
13983
13983
13984
13985
13985
13986
13986
13987
13987
13988
13988
13989
13990
13990
13991
13992
13993
13993
13993
13993
13994
13995
13995
13995
13995
13996
13996
13998
13998
14000
14001
14002
14002
14003
14004
14004
14004
14004
14004
14005
14006
14006
14006
14006
14007
14009
14009
14010
14011
14012
14013
14014
14015
14017
14018
14018
14021
14021
14022
14023
14023
14023
14023
14023
14025
14026
14027
14029
14031
14033
14033
14035
14037
14039
14040
14042
14042
14044
14047
14047
14048
14050
14051
14051
14053
14053
14053
14054
14055
14055
14059
14059
14060
14060
14060
14061
14061
14062
14063
14064
14064
14065
14065
14066
14073
14075
14076
14076
14078
14078
14080
14082
14082
14085
14087
14088
14092
14092
14093
14094
14095
14096
14098
14099
14101
14102
14102
14103
14104
14104
14105
14106
14107
14109
14111
14117
14117
14118
14119
14119
14119
14125
14127
14127
14128
14129
14131
14131
14136
14136
14136
14138
14139
14139
14140
14143
14145
14145
14146
14147
14149
14149
14150
14150
14151
14152
14155
14155
14156
14157
14158
14158
14160
14161
14162
14163
14163
14163
14163
14167
14168
14169
14169
14172
14173
14173
14173
14174
14175
14176
14176
14178
14179
14180
14181
14182
14183
14183
14183
14184
14185
14186
14186
14187
14189
14189
14191
14191
14192
14193
14194
14194
14196
14196
14196
14197
14197
14198
14200
14200
14200
14206
14209
14209
14210
14211
14212
14213
14213
14214
14214
14215
14215
14215
14216
14216
14217
14217
14217
14218
14218
14219
14220
14221
14221
14221
14225
14225
14227
14227
14229
14230
14230
14230
14232
14233
14233
14235
14235
14236
14237
14237
14237
14238
14239
14239
14239
14240
14243
14243
14245
14245
14245
14246
14247
14248
14250
14251
14253
14254
14254
14255
14255
14256
14259
14259
14260
14260
14261
14264
14265
14266
14268
14270
14270
14271
14271
14272
14273
14273
14277
14278
14278
14279
14280
14280
14281
14283
14285
14286
14292
14295
14295
14298
14298
14299
14302
14303
14308
14311
14311
14311
14314
14315
14315
14317
14319
14321
14322
14325
14326
14327
14327
14329
14330
14331
14331
14334
14334
14334
14335
14337
14339
14339
14339
14340
14341
14344
14345
14345
14345
14346
14351
14355
14356
14356
14357
14357
14358
14359
14361
14361
14365
14366
14366
14366
14367
14367
14368
14368
14370
14372
14374
14374
14375
14375
14376
14377
14380
14381
14382
14382
14383
14383
14383
14386
14386
14391
14394
14394
14395
14397
14398
14398
14399
14400
14402
14405
14405
14406
14407
14409
14409
14409
14409
14409
14410
14410
14411
14411
14411
14413
14413
14414
14414
14415
14416
14416
14418
14420
14420
14420
14421
14422
14425
14427
14429
14429
14430
14432
14434
14435
14435
14437
14440
14440
14442
14445
14446
14448
14448
14449
14450
14450
14451
14451
14451
14452
14456
14457
14458
14459
14460
14460
14461
14463
14463
14465
14466
14467
14467
14467
14468
14468
14469
14471
14471
14473
14473
14474
14475
14476
14476
14477
14479
14479
14480
14481
14482
14483
14483
14483
14485
14488
14489
14490
14491
14492
14493
14493
14495
14495
14497
14498
14498
14502
14504
14507
14509
14510
14510
14511
14512
14513
14515
14515
14516
14516
14518
14522
14524
14527
14530
14532
14532
14534
14535
14535
14537
14537
14539
14541
14542
14543
14544
14544
14544
14545
14546
14546
14547
14547
14548
14552
14552
14553
14554
14554
14558
14559
14559
14562
14565
14565
14566
14566
14566
14567
14568
14569
14569
14569
14570
14570
14571
14571
14573
14574
14574
14576
14576
14577
14578
14578
14584
14586
14586
14586
14590
14591
14591
14592
14595
14596
14597
14598
14598
14598
14599
14601
14602
14603
14604
14605
14605
14609
14610
14611
14613
14613
14613
14613
14614
14615
14616
14617
14617
14619
14619
14620
14621
14621
14621
14622
14622
14622
14624
14625
14626
14627
14628
14629
14629
14630
14630
14630
14632
14633
14633
14634
14634
14634
14635
14636
14638
14639
14640
14640
14643
14643
14644
14645
14645
14645
14646
14647
14648
14648
14649
14650
14651
14651
14653
14653
14653
14653
14654
14655
14655
14655
14655
14657
14657
14658
14659
14661
14662
14663
14665
14665
14665
14671
14673
14674
14676
14676
14676
14676
14679
14680
14680
14680
14682
14682
14682
14684
14684
14684
14684
14685
14686
14687
14688
14690
14693
14695
14695
14696
14696
14698
14698
14699
14699
14700
14702
14702
14702
14703
14703
14703
14703
14703
14704
14704
14704
14706
14706
14706
14707
14707
14708
14708
14708
14709
14710
14717
14718
14719
14720
14721
14722
14722
14722
14725
14725
14725
14726
14727
14727
14728
14729
14733
14734
14737
14737
14738
14741
14742
14745
14746
14747
14748
14750
14751
14752
14753
14756
14757
14759
14759
14760
14764
14764
14765
14767
14769
14770
14770
14771
14772
14773
14777
14777
14778
14779
14780
14780
14780
14782
14784
14784
14786
14786
14787
14792
14792
14793
14793
14793
14793
14793
14796
14797
14797
14799
14799
14800
14800
14800
14800
14801
14804
14804
14806
14808
14808
14808
14808
14809
14809
14810
14812
14812
14814
14814
14814
14815
14816
14816
14822
14823
14825
14827
14828
14829
14829
14831
14831
14831
14833
14833
14834
14835
14840
14841
14844
14844
14845
14846
14846
14849
14850
14851
14852
14855
14856
14856
14857
14857
14859
14859
14861
14861
14862
14863
14863
14865
14866
14866
14867
14869
14870
14871
14872
14873
14874
14875
14875
14883
14883
14883
14884
14887
14887
14890
14891
14892
14893
14897
14897
14901
14903
14903
14904
14905
14906
14910
14911
14913
14916
14917
14918
14918
14921
14921
14922
14923
14924
14924
14925
14926
14926
14927
14928
14929
14930
14932
14934
14936
14937
14937
14937
14944
14944
14945
14945
14946
14946
14950
14951
14952
14953
14958
14958
14958
14960
14962
14963
14963
14964
14965
14967
14967
14968
14970
14970
14971
14972
14972
14972
14973
14973
14973
14973
14974
14975
14975
14976
14977
14977
14978
14979
14979
14980
14980
14981
14981
14982
14983
14983
14984
14984
14985
14990
14990
14990
14992
14993
14995
14995
14999
14999
15001
15002
15003
15003
15005
15005
15006
15008
15009
15011
15012
15012
15013
15015
15021
15023
15023
15024
15026
15029
15030
15032
15032
15033
15033
15033
15034
15035
15036
15037
15038
15040
15042
15042
15042
15043
15048
15048
15049
15051
15051
15054
15062
15062
15063
15065
15068
15069
15070
15071
15073
15073
15074
15074
15075
15075
15076
15078
15078
15078
15079
15079
15080
15080
15081
15081
15082
15083
15083
15083
15084
15084
15086
15086
15086
15086
15089
15089
15089
15090
15091
15092
15093
15094
15095
15095
15096
15096
15096
15097
15097
15099
15100
15101
15106
15107
15107
15109
15110
15112
15114
15116
15118
15119
15119
15120
15120
15121
15122
15124
15124
15127
15129
15130
15132
15135
15137
15137
15138
15138
15138
15139
15139
15139
15140
15140
15144
15145
15147
15148
15149
15151
15151
15152
15153
15155
15156
15156
15157
15160
15160
15160
15161
15164
15164
15165
15167
15167
15168
15168
15169
15169
15170
15172
15172
15173
15174
15176
15177
15178
15179
15181
15182
15183
15184
15189
15190
15192
15193
15194
15194
15197
15197
15199
15200
15203
15203
15204
15205
15208
15208
15209
15211
15212
15212
15214
15214
15214
15215
15215
15215
15216
15216
15219
15220
15220
15220
15221
15221
15222
15222
15223
15224
15226
15226
15231
15233
15236
15237
15237
15238
15239
15241
15242
15243
15243
15244
15244
15245
15245
15245
15246
15247
15247
15249
15251
15252
15253
15253
15254
15255
15256
15257
15259
15259
15259
15260
15262
15265
15265
15266
15269
15269
15269
15269
15270
15270
15272
15275
15275
15275
15277
15277
15279
15279
15280
15281
15282
15282
15283
15284
15284
15286
15287
15288
15288
15291
15293
15294
15296
15296
15296
15297
15297
15298
15298
15300
15300
15301
15302
15304
15304
15304
15305
15305
15306
15309
15309
15309
15311
15311
15314
15317
15318
15319
15320
15322
15323
15324
15326
15327
15327
15329
15330
15332
15334
15335
15335
15337
15337
15339
15342
15342
15344
15344
15345
15345
15345
15348
15354
15356
15357
15359
15360
15361
15362
15363
15364
15364
15365
15366
15368
15369
15372
15373
15374
15375
15375
15375
15376
15377
15379
15380
15380
15380
15380
15382
15385
15387
15389
15393
15393
15393
15395
15396
15396
15396
15396
15397
15397
15398
15401
15404
15404
15405
15406
15406
15409
15409
15411
15412
15412
15413
15414
15418
15423
15423
15424
15426
15431
15434
15434
15437
15437
15437
15440
15440
15441
15441
15442
15443
15443
15445
15447
15449
15449
15449
15451
15451
15451
15452
15452
15454
15455
15456
15457
15458
15458
15459
15460
15462
15462
15463
15464
15466
15468
15469
15469
15473
15475
15476
15479
15481
15482
15483
15484
15486
15490
15492
15492
15493
15493
15493
15494
15495
15496
15498
15498
15499
15500
15500
15503
15503
15504
15506
15508
15508
15510
15513
15513
15515
15516
15517
15522
15525
15525
15525
15527
15527
15527
15527
15530
15531
15531
15537
15537
15537
15538
15539
15540
15540
15540
15543
15548
15548
15549
15549
15549
15549
15551
15551
15552
15554
15555
15555
15556
15559
15559
15559
15560
15560
15561
15562
15563
15564
15565
15566
15567
15569
15570
15572
15572
15574
15579
15581
15582
15582
15583
15583
15584
15584
15584
15588
15589
15592
15593
15594
15595
15595
15595
15600
15603
15605
15607
15608
15609
15609
15611
15611
15612
15612
15613
15613
15616
15618
15618
15619
15620
15621
15623
15623
15623
15624
15624
15625
15626
15626
15626
15626
15627
15627
15627
15628
15629
15629
15630
15631
15633
15634
15637
15638
15639
15640
15641
15642
15643
15644
15644
15644
15646
15646
15647
15648
15649
15649
15649
15650
15651
15651
15652
15652
15653
15654
15654
15655
15656
15657
15657
15658
15661
15662
15662
15663
15664
15664
15664
15665
15667
15668
15669
15670
15671
15672
15673
15674
15675
15678
15679
15681
15681
15684
15685
15686
15686
15687
15687
15687
15688
15689
15690
15691
15692
15692
15696
15696
15696
15696
15697
15697
15698
15701
15701
15702
15702
15703
15703
15704
15704
15706
15706
15709
15709
15709
15713
15714
15714
15715
15717
15718
15722
15723
15727
15727
15728
15728
15730
15731
15731
15731
15732
15733
15733
15733
15735
15737
15737
15737
15737
15737
15740
15741
15741
15742
15743
15743
15744
15744
15744
15745
15745
15745
15745
15745
15746
15748
15749
15750
15750
15751
15755
15755
15756
15757
15758
15761
15762
15763
15765
15766
15766
15770
15770
15771
15771
15771
15772
15774
15774
15775
15776
15777
15780
15781
15782
15784
15787
15787
15787
15789
15789
15792
15792
15792
15792
15793
15793
15795
15796
15797
15807
15808
15810
15811
15811
15812
15812
15813
15813
15813
15813
15815
15816
15816
15816
15816
15817
15818
15820
15823
15823
15824
15826
15827
15827
15827
15828
15829
15831
15832
15835
15835
15835
15836
15837
15839
15841
15844
15845
15846
15846
15848
15851
15853
15853
15855
15855
15856
15857
15857
15861
15862
15862
15863
15863
15864
15864
15867
15869
15869
15869
15871
15872
15872
15875
15876
15877
15877
15877
15877
15878
15879
15879
15879
15880
15880
15883
15883
15883
15886
15886
15886
15886
15886
15887
15888
15888
15889
15890
15891
15891
15891
15892
15893
15896
15899
15904
15905
15905
15906
15907
15908
15908
15911
15911
15912
15913
15915
15916
15916
15918
15920
15921
15922
15922
15927
15930
15930
15930
15934
15934
15937
15938
15941
15941
15943
15944
15944
15945
15946
15947
15947
15948
15948
15950
15950
15952
15956
15956
15957
15958
15959
15960
15960
15961
15962
15964
15966
15971
15972
15972
15973
15974
15976
15979
15981
15982
15984
15985
15985
15986
15986
15986
15992
15993
15994
15995
15995
15996
16002
16003
16003
16003
16004
16005
16005
16005
16006
16007
16007
16008
16008
16011
16011
16012
16013
16016
16017
16022
16023
16024
16025
16026
16029
16029
16030
16031
16032
16033
16034
16035
16036
16038
16038
16039
16040
16041
16042
16042
16042
16042
16043
16043
16044
16045
16046
16047
16047
16048
16048
16050
16051
16054
16056
16058
16058
16061
16062
16063
16063
16064
16064
16068
16068
16069
16069
16070
16070
16071
16071
16071
16072
16072
16074
16074
16075
16077
16078
16079
16079
16080
16083
16083
16085
16087
16088
16088
16089
16090
16091
16091
16093
16094
16099
16099
16101
16101
16101
16102
16103
16104
16106
16107
16108
16109
16110
16110
16112
16113
16114
16114
16115
16118
16118
16119
16120
16120
16121
16121
16121
16122
16122
16123
16123
16123
16125
16127
16128
16130
16132
16135
16136
16137
16140
16142
16143
16145
16148
16151
16152
16152
16156
16159
16159
16162
16162
16164
16165
16167
16168
16168
16171
16171
16172
16174
16174
16175
16176
16177
16177
16178
16180
16181
16181
16183
16183
16183
16184
16186
16187
16187
16187
16188
16188
16188
16189
16190
16190
16192
16194
16195
16195
16197
16199
16199
16199
16200
16201
16204
16205
16206
16206
16207
16207
16208
16209
16209
16210
16212
16213
16214
16215
16215
16216
16216
16217
16217
16217
16218
16220
16222
16222
16222
16223
16223
16224
16224
16224
16224
16225
16227
16229
16231
16231
16232
16233
16236
16236
16236
16239
16240
16243
16246
16247
16248
16248
16249
16250
16252
16253
16253
16256
16257
16257
16258
16258
16259
16259
16259
16260
16263
16263
16267
16269
16269
16271
16273
16274
16274
16274
16274
16275
16280
16281
16281
16282
16284
16284
16285
16285
16286
16287
16288
16289
16290
16290
16291
16292
16292
16296
16296
16297
16297
16298
16298
16300
16302
16302
16304
16304
16305
16307
16308
16310
16311
16312
16312
16312
16313
16319
16319
16319
16321
16321
16322
16322
16323
16324
16324
16329
16329
16329
16329
16330
16332
16333
16334
16335
16335
16335
16337
16339
16340
16341
16341
16342
16342
16344
16344
16346
16346
16347
16349
16350
16350
16352
16356
16356
16357
16358
16359
16359
16360
16360
16362
16362
16364
16364
16365
16366
16366
16366
16367
16367
16367
16368
16369
16371
16372
16373
16374
16375
16376
16378
16378
16379
16380
16381
16383
16386
16388
16389
16390
16393
16393
16394
16395
16397
16398
16399
16400
16404
16404
16404
16404
16404
16405
16405
16405
16406
16406
16407
16408
16408
16409
16412
16412
16413
16413
16413
16419
16420
16421
16421
16423
16425
16425
16425
16426
16426
16430
16434
16434
16434
16435
16437
16437
16437
16438
16439
16442
16442
16442
16443
16444
16445
16445
16445
16445
16447
16447
16448
16448
16450
16450
16451
16452
16453
16453
16454
16455
16458
16458
16460
16460
16462
16462
16464
16466
16467
16468
16471
16473
16474
16476
16476
16478
16479
16480
16481
16481
16481
16481
16483
16483
16483
16483
16484
16485
16486
16490
16491
16491
16492
16493
16495
16498
16499
16499
16500
16500
16501
16501
16505
16508
16508
16509
16509
16509
16509
16511
16512
16515
16516
16519
16520
16520
16520
16521
16521
16521
16521
16522
16522
16523
16523
16524
16526
16528
16528
16528
16529
16533
16534
16534
16535
16535
16536
16537
16538
16539
16540
16541
16542
16544
16545
16545
16545
16545
16547
16549
16550
16550
16550
16551
16551
16554
16554
16554
16556
16557
16559
16562
16562
16563
16563
16564
16564
16565
16566
16566
16568
16568
16569
16569
16570
16570
16570
16571
16573
16574
16574
16575
16575
16575
16576
16576
16577
16577
16580
16581
16581
16582
16585
16585
16586
16587
16587
16587
16588
16588
16588
16590
16590
16592
16598
16599
16600
16602
16602
16602
16603
16603
16603
16604
16604
16610
16610
16611
16613
16613
16618
16618
16619
16622
16625
16626
16627
16628
16628
16629
16634
16635
16635
16636
16639
16641
16642
16642
16643
16647
16647
16647
16648
16649
16655
16655
16656
16656
16656
16661
16661
16662
16662
16663
16664
16666
16667
16669
16671
16673
16673
16673
16673
16674
16674
16674
16674
16675
16676
16677
16677
16679
16679
16680
16681
16682
16683
16684
16685
16685
16686
16686
16686
16693
16696
16697
16700
16700
16702
16702
16704
16705
16707
16707
16707
16709
16710
16711
16711
16711
16714
16716
16721
16721
16722
16722
16724
16724
16727
16728
16729
16730
16730
16731
16736
16736
16736
16737
16737
16738
16739
16740
16740
16741
16742
16743
16743
16743
16744
16744
16744
16745
16746
16746
16748
16749
16751
16751
16752
16752
16753
16753
16757
16758
16759
16760
16764
16764
16765
16767
16768
16769
16769
16774
16776
16777
16777
16778
16778
16778
16779
16781
16783
16785
16785
16787
16788
16789
16789
16790
16790
16793
16794
16794
16795
16796
16796
16798
16799
16800
16800
16802
16802
16803
16804
16804
16805
16806
16807
16809
16809
16810
16811
16811
16812
16814
16814
16816
16816
16816
16818
16819
16820
16827
16827
16828
16829
16830
16832
16832
16833
16834
16837
16839
16839
16841
16842
16842
16844
16844
16844
16845
16845
16846
16847
16848
16848
16849
16850
16850
16850
16851
16852
16852
16852
16853
16858
16858
16859
16859
16860
16862
16864
16865
16866
16869
16870
16871
16872
16873
16875
16876
16877
16877
16880
16880
16881
16884
16885
16887
16889
16890
16891
16891
16891
16894
16897
16897
16897
16898
16900
16901
16902
16904
16906
16906
16906
16910
16910
16911
16912
16914
16914
16914
16919
16919
16921
16923
16924
16925
16926
16927
16930
16931
16935
16935
16936
16936
16939
16939
16939
16941
16941
16943
16946
16948
16948
16948
16949
16949
16950
16951
16952
16953
16953
16953
16955
16955
16955
16955
16956
16958
16960
16961
16962
16962
16962
16962
16963
16964
16967
16968
16969
16969
16969
16971
16972
16973
16978
16978
16981
16983
16983
16985
16986
16988
16989
16993
16995
16995
16997
16997
16998
16998
17001
17001
17002
17005
17005
17006
17008
17009
17010
17011
17012
17012
17012
17013
17014
17017
17017
17018
17019
17020
17023
17027
17028
17029
17030
17030
17032
17034
17034
17034
17036
17037
17037
17040
17042
17042
17043
17043
17044
17044
17044
17045
17046
17047
17049
17049
17051
17053
17054
17054
17055
17056
17056
17057
17057
17059
17060
17062
17065
17065
17067
17069
17070
17072
17074
17074
17077
17077
17077
17078
17079
17080
17081
17083
17084
17087
17088
17090
17092
17092
17092
17093
17093
17094
17096
17096
17098
17098
17099
17101
17101
17101
17102
17102
17103
17105
17105
17105
17105
17106
17106
17107
17109
17111
17111
17111
17115
17118
17120
17125
17126
17128
17129
17129
17130
17131
17134
17136
17138
17139
17140
17140
17141
17141
17142
17143
17145
17147
17147
17149
17149
17150
17150
17151
17152
17155
17157
17158
17158
17160
17162
17162
17165
17165
17167
17167
17167
17169
17169
17170
17170
17171
17171
17172
17172
17176
17177
17179
17179
17180
17182
17182
17183
17183
17184
17185
17185
17186
17187
17189
17190
17190
17190
17190
17193
17194
17196
17196
17198
17201
17202
17205
17205
17207
17208
17209
17210
17210
17210
17212
17213
17213
17214
17217
17218
17219
17220
17220
17221
17221
17222
17222
17230
17230
17231
17232
17233
17234
17237
17239
17239
17239
17240
17240
17241
17241
17242
17247
17247
17250
17251
17253
17253
17253
17253
17254
17256
17257
17257
17257
17258
17259
17260
17262
17262
17262
17263
17265
17266
17268
17269
17271
17271
17276
17278
17279
17281
17282
17282
17282
17282
17283
17289
17289
17290
17291
17291
17292
17292
17292
17294
17294
17297
17299
17300
17307
17308
17310
17311
17311
17314
17317
17317
17318
17320
17320
17321
17321
17324
17324
17326
17327
17328
17329
17329
17331
17332
17332
17332
17333
17336
17336
17336
17336
17337
17340
17344
17344
17346
17347
17347
17348
17348
17349
17349
17350
17350
17351
17353
17354
17354
17355
17355
17356
17357
17360
17360
17362
17362
17363
17364
17364
17364
17365
17374
17375
17376
17376
17376
17378
17380
17380
17381
17382
17382
17383
17383
17384
17385
17388
17389
17392
17393
17394
17394
17397
17397
17397
17397
17399
17401
17402
17403
17406
17408
17409
17410
17410
17410
17410
17410
17411
17412
17412
17413
17413
17413
17414
17415
17416
17416
17417
17417
17419
17420
17420
17421
17422
17424
17425
17425
17426
17426
17427
17427
17428
17430
17430
17433
17435
17437
17438
17439
17441
17442
17442
17443
17444
17448
17449
17452
17452
17452
17453
17456
17457
17458
17459
17460
17461
17461
17463
17463
17464
17465
17465
17465
17465
17467
17468
17468
17469
17471
17472
17472
17475
17478
17478
17483
17484
17484
17484
17485
17486
17488
17490
17494
17494
17495
17496
17497
17498
17501
17504
17505
17507
17508
17510
17511
17511
17511
17513
17513
17514
17521
17521
17522
17522
17524
17524
17526
17528
17528
17529
17530
17531
17533
17533
17534
17535
17535
17536
17537
17537
17538
17539
17541
17541
17542
17542
17542
17546
17547
17548
17548
17548
17548
17549
17551
17551
17551
17553
17554
17557
17557
17558
17559
17561
17561
17564
17564
17567
17568
17568
17569
17570
17570
17571
17576
17576
17580
17581
17581
17583
17584
17584
17586
17586
17586
17587
17588
17589
17590
17590
17592
17592
17594
17594
17595
17597
17598
17601
17603
17604
17604
17606
17607
17608
17608
17608
17609
17609
17610
17611
17611
17612
17613
17614
17614
17615
17615
17615
17615
17616
17619
17621
17622
17623
17624
17624
17625
17627
17627
17627
17629
17629
17630
17631
17632
17633
17633
17633
17636
17638
17638
17641
17641
17642
17645
17647
17647
17648
17649
17653
17654
17655
17655
17658
17658
17658
17659
17659
17659
17660
17661
17661
17662
17662
17662
17664
17664
17665
17668
17668
17670
17673
17675
17678
17678
17680
17681
17681
17682
17682
17687
17687
17691
17691
17692
17693
17694
17695
17696
17698
17699
17702
17703
17704
17705
17705
17705
17706
17706
17707
17707
17710
17711
17711
17712
17715
17716
17718
17718
17719
17719
17720
17720
17721
17722
17724
17724
17726
17729
17733
17734
17734
17734
17735
17737
17737
17737
17737
17737
17738
17738
17740
17741
17742
17744
17745
17745
17746
17746
17748
17749
17750
17751
17752
17754
17755
17756
17758
17758
17760
17762
17763
17768
17771
17771
17772
17772
17773
17773
17774
17774
17776
17776
17778
17778
17779
17783
17787
17788
17789
17791
17791
17792
17793
17798
17798
17799
17800
17802
17802
17802
17806
17807
17807
17809
17810
17810
17812
17812
17813
17814
17814
17815
17816
17817
17818
17819
17820
17820
17820
17821
17821
17822
17822
17823
17824
17826
17826
17826
17826
17826
17827
17827
17831
17833
17834
17835
17836
17837
17837
17837
17839
17843
17844
17845
17845
17845
17846
17847
17847
17851
17851
17853
17854
17854
17855
17855
17856
17858
17860
17861
17861
17861
17863
17865
17866
17867
17868
17868
17871
17872
17874
17875
17876
17876
17882
17882
17883
17887
17888
17888
17888
17889
17889
17891
17891
17891
17892
17893
17893
17893
17895
17897
17898
17898
17898
17899
17899
17900
17902
17903
17906
17908
17908
17909
17910
17913
17915
17915
17919
17919
17919
17920
17921
17922
17922
17925
17926
17927
17928
17928
17929
17931
17935
17935
17936
17939
17940
17940
17940
17940
17941
17942
17945
17945
17946
17950
17951
17951
17951
17953
17954
17956
17958
17959
17960
17960
17961
17962
17962
17964
17965
17966
17967
17967
17967
17967
17968
17969
17969
17969
17970
17970
17970
17970
17972
17972
17972
17975
17975
17977
17977
17980
17981
17981
17983
17986
17986
17986
17987
17988
17988
17988
17989
17991
17992
17992
17993
17994
17996
17998
17999
17999
18001
18002
18002
18004
18005
18010
18012
18012
18015
18016
18016
18017
18017
18017
18018
18019
18021
18022
18025
18026
18026
18027
18027
18027
18029
18030
18031
18032
18034
18037
18038
18040
18040
18041
18041
18042
18043
18044
18045
18047
18047
18049
18052
18053
18054
18055
18056
18057
18057
18058
18059
18060
18060
18061
18062
18062
18063
18063
18064
18065
18067
18068
18068
18069
18071
18071
18072
18073
18078
18079
18081
18081
18082
18083
18083
18086
18086
18086
18087
18088
18089
18090
18091
18091
18092
18093
18097
18097
18099
18102
18103
18104
18105
18105
18106
18107
18107
18107
18108
18108
18110
18111
18112
18113
18113
18116
18117
18117
18121
18121
18122
18124
18125
18125
18128
18129
18129
18130
18130
18136
18137
18137
18137
18137
18137
18138
18140
18141
18142
18143
18145
18148
18148
18148
18148
18149
18150
18152
18153
18155
18155
18155
18156
18156
18156
18158
18159
18160
18160
18160
18165
18165
18165
18168
18170
18171
18172
18173
18177
18177
18180
18181
18181
18183
18184
18185
18187
18187
18189
18191
18191
18191
18192
18197
18199
18199
18202
18202
18203
18205
18205
18206
18208
18209
18209
18209
18209
18211
18212
18213
18214
18214
18217
18217
18218
18218
18220
18223
18224
18224
18225
18225
18226
18229
18230
18231
18232
18232
18233
18236
18241
18241
18244
18246
18247
18247
18252
18253
18258
18260
18261
18262
18263
18263
18265
18268
18269
18270
18270
18274
18275
18275
18275
18275
18282
18282
18284
18284
18285
18285
18286
18286
18287
18290
18295
18297
18298
18298
18301
18301
18303
18303
18304
18304
18305
18307
18311
18312
18313
18315
18316
18316
18316
18318
18319
18320
18320
18321
18321
18325
18329
18329
18329
18331
18338
18339
18340
18341
18343
18345
18346
18347
18347
18349
18351
18354
18354
18356
18357
18358
18358
18359
18361
18361
18362
18366
18367
18367
18368
18372
18374
18375
18376
18377
18378
18379
18379
18379
18384
18387
18388
18388
18388
18389
18391
18391
18391
18392
18393
18393
18394
18394
18395
18395
18397
18397
18398
18399
18401
18402
18404
18406
18406
18407
18407
18407
18408
18411
18411
18412
18413
18415
18416
18416
18416
18418
18419
18420
18421
18421
18424
18425
18427
18429
18429
18429
18434
18434
18435
18435
18437
18437
18438
18439
18441
18442
18444
18445
18446
18448
18448
18449
18449
18451
18451
18451
18453
18454
18455
18455
18456
18457
18457
18457
18458
18460
18460
18465
18465
18466
18466
18467
18469
18469
18471
18472
18472
18473
18473
18474
18474
18475
18477
18477
18477
18477
18478
18479
18479
18480
18481
18481
18482
18483
18487
18490
18492
18492
18495
18496
18496
18499
18499
18501
18502
18503
18503
18503
18508
18509
18510
18512
18513
18516
18516
18517
18519
18520
18520
18520
18521
18522
18524
18524
18527
18528
18528
18531
18533
18533
18535
18536
18536
18539
18539
18541
18541
18541
18543
18544
18545
18548
18549
18549
18558
18559
18560
18562
18564
18569
18570
18570
18577
18578
18579
18581
18581
18583
18584
18584
18586
18588
18589
18590
18591
18592
18593
18594
18596
18597
18602
18603
18604
18605
18607
18609
18612
18612
18612
18614
18615
18616
18617
18617
18620
18622
18622
18622
18624
18625
18626
18626
18629
18630
18631
18631
18632
18633
18633
18634
18634
18637
18637
18639
18640
18642
18645
18645
18648
18648
18650
18651
18652
18655
18655
18658
18660
18660
18660
18660
18661
18661
18662
18662
18662
18662
18662
18664
18665
18665
18667
18668
18669
18673
18673
18674
18674
18675
18680
18681
18682
18684
18685
18685
18686
18686
18686
18688
18688
18689
18690
18690
18692
18692
18694
18695
18695
18695
18696
18697
18700
18700
18702
18702
18706
18706
18707
18707
18708
18710
18711
18712
18712
18712
18715
18716
18716
18717
18718
18718
18720
18721
18724
18724
18725
18726
18727
18727
18728
18729
18730
18731
18732
18735
18736
18737
18738
18741
18742
18742
18743
18744
18745
18747
18747
18747
18749
18750
18751
18752
18752
18753
18753
18753
18754
18758
18758
18758
18759
18760
18760
18760
18761
18762
18764
18764
18766
18767
18768
18769
18769
18770
18771
18773
18774
18776
18777
18777
18778
18780
18781
18782
18784
18784
18785
18787
18790
18792
18793
18796
18797
18797
18798
18800
18800
18801
18802
18803
18803
18804
18804
18804
18804
18804
18805
18808
18811
18811
18813
18814
18814
18814
18823
18823
18826
18827
18827
18828
18829
18830
18832
18832
18832
18836
18837
18838
18838
18838
18840
18840
18842
18842
18843
18843
18845
18845
18845
18847
18847
18848
18850
18851
18851
18853
18853
18855
18855
18858
18860
18861
18861
18862
18863
18864
18865
18867
18867
18867
18869
18870
18870
18872
18872
18873
18874
18874
18874
18876
18876
18877
18877
18878
18878
18880
18881
18883
18886
18887
18887
18888
18891
18891
18893
18895
18896
18898
18898
18901
18901
18902
18902
18902
18903
18904
18905
18907
18907
18910
18910
18912
18913
18915
18916
18918
18918
18919
18920
18922
18923
18923
18924
18926
18926
18927
18928
18930
18931
18932
18934
18934
18935
18936
18936
18937
18939
18940
18940
18941
18941
18943
18945
18950
18951
18952
18952
18952
18955
18959
18960
18961
18964
18966
18967
18967
18968
18968
18971
18973
18975
18977
18977
18978
18979
18979
18982
18982
18982
18982
18984
18985
18985
18986
18986
18988
18988
18988
18989
18990
18991
18991
18993
18993
18994
18995
18996
18997
18998
18998
19000
19002
19003
19005
19005
19005
19007
19008
19010
19012
19015
19015
19016
19019
19020
19020
19020
19020
19020
19021
19022
19022
19026
19027
19029
19029
19029
19030
19031
19033
19036
19037
19037
19040
19040
19042
19043
19045
19045
19046
19046
19046
19046
19046
19046
19047
19047
19048
19052
19052
19053
19054
19055
19055
19056
19056
19057
19058
19058
19059
19060
19060
19064
19066
19067
19068
19070
19070
19071
19072
19072
19072
19074
19074
19075
19076
19076
19076
19078
19078
19081
19083
19083
19083
19085
19085
19085
19090
19094
19095
19095
19101
19102
19103
19108
19109
19109
19111
19111
19114
19114
19115
19116
19117
19118
19119
19120
19121
19121
19123
19124
19125
19128
19128
19130
19130
19130
19130
19132
19133
19136
19136
19136
19137
19137
19140
19141
19141
19142
19143
19143
19144
19144
19145
19151
19152
19153
19153
19155
19155
19156
19157
19158
19159
19160
19161
19161
19162
19162
19163
19164
19164
19165
19166
19167
19168
19168
19168
19169
19169
19172
19174
19176
19177
19178
19178
19178
19179
19183
19184
19185
19186
19187
19188
19189
19189
19194
19195
19196
19198
19200
19201
19201
19202
19202
19205
19205
19206
19207
19211
19212
19213
19213
19215
19215
19217
19217
19218
19218
19221
19222
19222
19222
19223
19228
19228
19228
19229
19233
19236
19236
19237
19237
19238
19239
19243
19243
19243
19243
19245
19245
19248
19250
19250
19251
19252
19252
19253
19253
19254
19254
19256
19256
19260
19261
19262
19263
19266
19266
19267
19267
19267
19270
19271
19272
19273
19274
19274
19274
19275
19276
19277
19278
19278
19279
19280
19280
19280
19281
19281
19283
19285
19288
19288
19289
19290
19290
19290
19290
19300
19303
19304
19306
19307
19308
19308
19308
19309
19310
19311
19311
19312
19315
19317
19317
19318
19318
19323
19324
19325
19326
19326
19328
19328
19329
19330
19330
19330
19330
19331
19332
19333
19334
19336
19338
19339
19340
19340
19344
19345
19347
19347
19349
19350
19352
19352
19353
19354
19354
19354
19356
19357
19359
19361
19361
19362
19364
19364
19366
19367
19367
19368
19368
19370
19370
19372
19373
19374
19375
19376
19377
19380
19382
19383
19383
19383
19386
19387
19387
19389
19389
19391
19391
19392
19392
19393
19396
19398
19399
19399
19400
19401
19402
19402
19402
19404
19404
19405
19406
19406
19409
19410
19411
19415
19416
19417
19419
19422
19423
19423
19423
19424
19425
19425
19427
19427
19428
19428
19428
19430
19433
19435
19436
19436
19439
19439
19443
19443
19443
19444
19446
19448
19449
19451
19452
19454
19457
19457
19458
19461
19461
19462
19465
19465
19467
19468
19471
19473
19473
19474
19477
19479
19481
19481
19482
19483
19485
19486
19487
19487
19487
19488
19489
19491
19491
19492
19493
19494
19495
19497
19500
19500
19501
19501
19503
19503
19505
19505
19506
19508
19509
19510
19510
19510
19514
19517
19520
19521
19523
19525
19526
19526
19527
19528
19528
19529
19531
19532
19532
19533
19533
19533
19533
19534
19535
19536
19536
19537
19538
19539
19540
19540
19541
19542
19542
19543
19543
19543
19544
19545
19545
19548
19548
19549
19550
19551
19552
19552
19553
19554
19555
19556
19557
19558
19558
19559
19560
19561
19562
19562
19563
19568
19569
19570
19573
19573
19578
19578
19578
19582
19584
19584
19585
19585
19587
19588
19588
19590
19591
19593
19594
19595
19596
19598
19599
19600
19600
19600
19600
19604
19604
19605
19607
19608
19609
19610
19610
19611
19612
19612
19612
19615
19615
19616
19616
19619
19621
19621
19623
19624
19624
19630
19630
19630
19631
19631
19631
19632
19632
19634
19634
19634
19635
19635
19638
19640
19641
19642
19642
19645
19645
19645
19646
19647
19648
19650
19651
19652
19653
19653
19653
19653
19654
19655
19657
19658
19659
19659
19660
19661
19664
19664
19665
19665
19666
19666
19669
19670
19671
19671
19671
19672
19673
19674
19674
19675
19676
19678
19678
19679
19679
19679
19684
19688
19688
19688
19689
19693
19693
19694
19695
19696
19696
19696
19696
19699
19699
19701
19702
19702
19704
19704
19706
19707
19707
19710
19710
19711
19713
19713
19715
19716
19718
19719
19720
19722
19723
19723
19723
19724
19724
19727
19728
19728
19728
19731
19732
19733
19734
19735
19736
19738
19738
19738
19740
19740
19741
19742
19743
19745
19746
19748
19749
19751
19752
19753
19753
19757
19757
19758
19759
19760
19761
19761
19762
19764
19768
19768
19770
19775
19775
19775
19777
19778
19778
19779
19779
19780
19780
19781
19781
19783
19783
19784
19787
19787
19790
19790
19793
19795
19795
19796
19796
19799
19801
19804
19805
19807
19809
19811
19811
19811
19812
19812
19813
19814
19815
19815
19816
19816
19817
19818
19820
19821
19824
19824
19825
19825
19827
19827
19828
19829
19829
19830
19830
19833
19834
19834
19834
19836
19839
19840
19841
19842
19842
19843
19844
19845
19848
19849
19852
19853
19853
19854
19858
19859
19861
19862
19867
19868
19868
19869
19870
19871
19872
19872
19874
19875
19875
19876
19878
19878
19878
19880
19880
19880
19881
19884
19887
19888
19890
19890
19892
19893
19893
19893
19896
19896
19898
19898
19900
19900
19903
19904
19904
19908
19910
19911
19912
19913
19913
19916
19916
19917
19917
19919
19921
19923
19926
19928
19934
19935
19935
19935
19936
19936
19942
19942
19947
19948
19948
19949
19949
19949
19950
19951
19951
19951
19952
19954
19956
19957
19957
19960
19960
19960
19961
19965
19966
19968
19971
19971
19972
19973
19974
19976
19978
19978
19982
19983
19984
19984
19985
19986
19986
19987
19987
19988
19988
19989
19990
19991
19992
19992
19993
19993
19994
19996
19999
19999
20000
20001
20001
20002
20003
20004
20005
20006
20007
20008
20008
20010
20010
20011
20011
20012
20013
20013
20013
20013
20014
20014
20015
20017
20017
20020
20021
20022
20023
20023
20024
20024
20024
20025
20025
20026
20026
20026
20026
20029
20029
20032
20032
20035
20036
20041
20041
20043
20043
20044
20045
20045
20045
20046
20046
20048
20049
20049
20051
20051
20053
20054
20054
20055
20055
20055
20056
20056
20057
20057
20059
20064
20064
20066
20067
20068
20070
20071
20071
20077
20077
20077
20078
20078
20079
20079
20079
20081
20082
20082
20083
20084
20084
20084
20086
20086
20087
20088
20088
20089
20089
20091
20092
20093
20093
20095
20096
20096
20099
20100
20103
20104
20104
20105
20106
20107
20109
20111
20112
20114
20116
20117
20117
20119
20119
20120
20124
20125
20126
20126
20126
20128
20128
20130
20130
20130
20130
20131
20133
20135
20135
20136
20137
20138
20141
20144
20144
20145
20148
20149
20149
20149
20149
20151
20151
20152
20154
20155
20156
20158
20159
20160
20160
20162
20162
20162
20163
20166
20168
20168
20169
20170
20170
20171
20176
20176
20176
20176
20177
20177
20178
20179
20181
20184
20184
20189
20190
20192
20193
20194
20194
20195
20195
20195
20196
20196
20197
20198
20198
20199
20199
20199
20201
20201
20201
20201
20201
20202
20202
20202
20205
20205
20206
20206
20210
20210
20211
20212
20212
20214
20214
20215
20216
20218
20218
20218
20219
20219
20220
20223
20223
20224
20224
20225
20226
20227
20228
20228
20229
20230
20230
20230
20233
20233
20233
20236
20238
20238
20238
20239
20240
20240
20243
20243
20243
20245
20246
20247
20249
20250
20252
20253
20254
20256
20256
20259
20259
20260
20261
20262
20262
20262
20263
20263
20265
20265
20266
20266
20266
20269
20269
20270
20270
20271
20272
20273
20273
20274
20275
20276
20277
20279
20280
20280
20281
20283
20284
20284
20285
20286
20288
20289
20291
20291
20291
20291
20292
20293
20294
20294
20295
20296
20296
20299
20300
20301
20301
20303
20304
20304
20306
20307
20308
20310
20311
20311
20312
20312
20315
20315
20319
20319
20322
20323
20323
20324
20326
20326
20328
20329
20329
20330
20330
20331
20335
20336
20337
20338
20341
20341
20342
20343
20344
20345
20345
20345
20346
20346
20348
20349
20349
20349
20350
20351
20352
20353
20354
20354
20355
20355
20357
20358
20359
20360
20362
20363
20363
20364
20364
20366
20367
20369
20371
20374
20375
20375
20378
20379
20380
20380
20381
20385
20386
20387
20388
20389
20389
20389
20393
20395
20397
20402
20405
20405
20406
20407
20409
20410
20412
20415
20416
20417
20418
20420
20421
20423
20423
20426
20427
20430
20433
20435
20436
20442
20442
20442
20443
20444
20445
20447
20448
20451
20456
20457
20458
20459
20459
20459
20462
20463
20467
20471
20472
20472
20477
20477
20479
20481
20482
20484
20484
20484
20484
20484
20485
20486
20487
20487
20487
20488
20488
20489
20489
20500
20503
20504
20504
20504
20505
20505
20505
20505
20506
20509
20509
20509
20509
20512
20513
20515
20516
20518
20521
20522
20523
20524
20526
20529
20531
20531
20533
20534
20534
20534
20534
20535
20536
20536
20537
20537
20537
20537
20546
20547
20547
20549
20549
20550
20552
20552
20552
20552
20553
20553
20553
20553
20557
20557
20558
20559
20562
20562
20563
20563
20565
20565
20566
20567
20568
20569
20571
20573
20574
20574
20574
20574
20574
20575
20576
20577
20578
20579
20580
20581
20582
20582
20582
20583
20585
20585
20586
20586
20586
20588
20592
20593
20594
20596
20596
20597
20597
20602
20602
20603
20603
20604
20604
20606
20607
20607
20609
20609
20610
20612
20613
20614
20615
20617
20617
20618
20618
20619
20619
20620
20621
20621
20625
20630
20632
20632
20633
20633
20634
20638
20640
20641
20641
20642
20642
20643
20644
20644
20646
20647
20648
20648
20649
20650
20652
20652
20654
20654
20656
20656
20656
20657
20658
20659
20661
20662
20663
20664
20664
20665
20665
20665
20666
20666
20669
20671
20671
20673
20674
20675
20676
20676
20678
20679
20680
20691
20692
20693
20693
20693
20693
20694
20695
20696
20696
20696
20697
20697
20699
20700
20702
20703
20704
20705
20707
20708
20709
20709
20710
20711
20712
20712
20713
20713
20717
20720
20720
20722
20723
20723
20723
20725
20725
20726
20726
20730
20730
20731
20732
20732
20733
20734
20734
20735
20736
20737
20740
20741
20741
20743
20744
20746
20748
20751
20751
20752
20753
20753
20754
20755
20757
20757
20757
20758
20758
20760
20761
20761
20764
20764
20766
20767
20769
20769
20769
20771
20771
20771
20772
20773
20773
20774
20774
20774
20774
20774
20775
20776
20778
20779
20782
20783
20786
20787
20787
20790
20791
20792
20794
20795
20796
20797
20798
20799
20801
20802
20804
20804
20805
20805
20806
20808
20809
20811
20812
20812
20815
20815
20816
20819
20820
20820
20822
20823
20823
20826
20827
20828
20831
20837
20838
20839
20841
20844
20845
20848
20848
20850
20852
20853
20854
20855
20856
20856
20859
20863
20864
20864
20864
20865
20867
20867
20873
20874
20874
20879
20879
20880
20880
20881
20881
20881
20882
20882
20883
20884
20885
20885
20887
20887
20888
20890
20891
20892
20893
20893
20894
20896
20898
20901
20903
20904
20904
20904
20907
20907
20908
20909
20910
20910
20911
20913
20918
20919
20919
20920
20921
20923
20923
20925
20925
20926
20927
20927
20929
20929
20929
20930
20931
20936
20939
20940
20941
20941
20944
20945
20945
20946
20947
20947
20949
20951
20953
20955
20955
20955
20956
20956
20957
20957
20959
20960
20960
20960
20962
20963
20963
20964
20964
20965
20965
20966
20967
20968
20968
20968
20969
20973
20973
20975
20975
20975
20977
20977
20979
20979
20980
20981
20983
20984
20985
20986
20987
20987
20989
20989
20989
20990
20990
20990
20993
20993
20994
20996
20997
21000
