
101
102
103
106
110
112
112
112
113
113
113
114
115
116
117
119
120
120
121
121
122
125
126
128
128
131
132
132
134
134
137
138
139
143
144
144
145
147
149
151
153
153
153
154
154
155
158
158
159
159
160
162
163
164
164
165
166
168
168
169
170
172
173
175
176
180
181
184
187
188
189
189
192
193
195
196
197
198
200
202
204
204
205
206
207
207
210
210
212
215
216
217
217
218
220
222
222
223
225
228
228
229
232
234
235
235
236
236
240
240
240
244
247
247
250
253
254
257
257
257
258
260
260
262
263
263
263
263
264
265
267
268
268
269
270
271
276
278
279
280
281
282
283
284
284
287
290
292
292
292
294
296
299
300
300
300
301
301
302
305
305
308
309
309
309
311
312
312
312
312
314
315
316
318
318
318
318
320
321
323
323
324
324
327
328
328
328
330
331
334
334
335
336
339
339
339
341
343
343
345
346
346
347
347
348
349
350
351
352
352
352
353
355
356
357
359
363
364
364
365
365
367
371
373
374
374
374
378
378
380
381
381
382
382
382
382
383
385
387
388
389
390
392
393
393
398
402
403
406
410
411
412
415
416
416
418
418
424
426
426
426
429
430
434
435
436
437
438
438
439
440
441
441
442
443
443
444
447
448
448
449
449
450
450
451
451
452
453
456
457
457
458
458
458
458
459
460
462
462
462
463
463
463
464
465
469
469
469
470
470
470
472
474
477
478
478
479
479
479
480
480
480
481
482
483
485
488
489
492
493
494
494
495
496
497
497
498
499
501
502
502
502
504
504
505
505
508
508
511
511
512
513
513
514
516
516
517
521
524
524
525
526
526
528
530
530
530
531
531
532
534
536
537
543
544
547
547
548
549
549
551
551
551
552
553
557
557
558
559
560
560
560
561
563
565
566
566
566
567
567
568
568
569
569
571
571
573
574
574
574
575
575
577
577
579
579
581
583
584
584
584
585
585
587
590
591
591
594
595
597
597
598
601
602
603
603
604
606
608
608
608
609
610
610
612
614
614
615
616
617
617
617
618
618
619
620
621
621
621
623
623
624
625
626
626
627
629
631
632
633
633
634
636
636
638
639
642
642
644
647
647
648
648
649
649
651
651
655
655
656
656
657
658
659
660
661
661
664
666
668
670
670
670
670
674
675
675
677
678
678
683
686
688
690
690
690
691
691
692
692
694
696
696
697
698
698
699
701
702
704
705
705
706
709
710
711
712
712
712
712
713
713
714
714
715
715
715
719
720
720
720
721
727
727
727
728
729
729
730
730
731
732
733
734
735
736
737
738
740
740
741
742
743
743
745
745
746
746
748
748
751
752
754
756
756
757
761
761
761
762
762
763
763
764
766
766
767
767
768
769
769
771
773
779
780
782
783
784
790
795
796
798
799
800
800
800
801
803
804
804
806
806
808
808
811
811
812
812
814
816
816
817
817
818
819
820
822
822
822
823
824
825
826
826
826
827
829
829
832
832
834
834
835
835
836
836
836
837
839
839
841
841
848
851
851
852
853
855
856
858
859
859
859
860
860
861
865
866
866
868
869
870
874
876
877
877
877
879
880
880
881
886
886
887
888
890
893
894
895
895
895
898
899
900
900
902
902
903
908
909
909
910
911
915
915
916
919
920
921
921
921
921
922
923
925
926
926
928
928
929
930
931
932
933
933
935
937
938
940
941
942
944
945
945
946
946
946
947
947
947
948
949
950
951
953
953
955
956
956
959
959
960
960
962
962
967
968
970
970
972
973
973
973
974
976
978
978
979
981
982
982
982
983
983
985
985
986
986
988
989
991
994
994
995
996
996
997
998
998
999
